Berlin 12
New York 19
San Francisco 32
Miami 28
Seattle 22
Toronto 19
Mexico City 16
Rio De Janeiro 24
Buenos Aires 6
Cape Town 13
Stockholm 8
Marrakech 19
Oslo 9
Helsinki 7
Brussels 12
Riga 12
Vilnius 11
Munich 12
Amsterdam 12
Mumbai 26
Beijing 30
Tokyo 21
Osaka 23
Cairo 25
Istanbul 20
Lagos 24
Moscow 20
Paris 14
Jakarta 26
London 15
Bangalore 21
Lima 15
Seoul 24
Bogota 15
Johannesburg 6
Bangkok 29
Chicago 23
Tehran 24
Hong Kong 30
Kuala Lumpur 24
Santiago 7
Madrid 23
Dallas 34
Singapore 25
Barcelona 22
Valencia 23
Atlanta 26
Monterrey 31
Hanoi 28
Caracas 24
Dublin 10
Lisbon 19
Rome 18
Zurich 12
Vienna 14
Prague 12
Warsaw 11
Kyoto 23
Sydney 13
Havana 27
Brasilia 26
